2022-05-29 17:22:25 INFO  - Starting App on DESKTOP-VKJIKMP with PID 19024 (C:\Users\Migranov\Desktop\OTUS-MVC\classwork\spring-framework-27\target\classes started by Migranov in C:\Users\Migranov\Desktop\OTUS-MVC\classwork\spring-framework-27)
2022-05-29 17:22:25 INFO  - No active profile set, falling back to default profiles: default
2022-05-29 17:22:27 INFO  - Bootstrapping Spring Data repositories in DEFAULT mode.
2022-05-29 17:22:27 INFO  - Finished Spring Data repository scanning in 88ms. Found 1 repository interfaces.
2022-05-29 17:22:27 INFO  - Bean 'org.springframework.transaction.annotation.ProxyTransactionManagementConfiguration' of type [org.springframework.transaction.annotation.ProxyTransactionManagementConfiguration$$EnhancerBySpringCGLIB$$2ae4b560] is not eligible for getting processed by all BeanPostProcessors (for example: not eligible for auto-proxying)
2022-05-29 17:22:27 INFO  - Bean 'org.springframework.hateoas.config.HateoasConfiguration' of type [org.springframework.hateoas.config.HateoasConfiguration$$EnhancerBySpringCGLIB$$aa650292] is not eligible for getting processed by all BeanPostProcessors (for example: not eligible for auto-proxying)
2022-05-29 17:22:28 INFO  - Tomcat initialized with port(s): 8080 (http)
2022-05-29 17:22:28 INFO  - Starting service [Tomcat]
2022-05-29 17:22:28 INFO  - Starting Servlet engine: [Apache Tomcat/9.0.17]
2022-05-29 17:22:28 INFO  - Initializing Spring embedded WebApplicationContext
2022-05-29 17:22:28 INFO  - Root WebApplicationContext: initialization completed in 2931 ms
2022-05-29 17:22:30 INFO  - HikariPool-1 - Starting...
2022-05-29 17:22:30 INFO  - HikariPool-1 - Start completed.
2022-05-29 17:22:30 INFO  - HHH000204: Processing PersistenceUnitInfo [
	name: default
	...]
2022-05-29 17:22:30 INFO  - HHH000412: Hibernate Core {5.3.9.Final}
2022-05-29 17:22:30 INFO  - HHH000206: hibernate.properties not found
2022-05-29 17:22:30 INFO  - HCANN000001: Hibernate Commons Annotations {5.0.4.Final}
2022-05-29 17:22:30 INFO  - HHH000400: Using dialect: org.hibernate.dialect.H2Dialect
2022-05-29 17:22:31 INFO  - HHH000476: Executing import script 'org.hibernate.tool.schema.internal.exec.ScriptSourceInputNonExistentImpl@6bf77ee'
2022-05-29 17:22:31 INFO  - Initialized JPA EntityManagerFactory for persistence unit 'default'
2022-05-29 17:22:33 WARN  - spring.jpa.open-in-view is enabled by default. Therefore, database queries may be performed during view rendering. Explicitly configure spring.jpa.open-in-view to disable this warning
2022-05-29 17:22:34 INFO  - Exposing 2 endpoint(s) beneath base path '/actuator'
2022-05-29 17:22:34 INFO  - Tomcat started on port(s): 8080 (http) with context path ''
2022-05-29 17:22:34 INFO  - Started App in 9.232 seconds (JVM running for 10.809)
2022-05-29 17:22:34 INFO  - Initializing Spring DispatcherServlet 'dispatcherServlet'
2022-05-29 17:22:34 INFO  - Initializing Servlet 'dispatcherServlet'
2022-05-29 17:22:34 INFO  - Completed initialization in 22 ms
2022-05-29 17:22:34 WARN  - No mapping for GET /favicon.ico
2022-05-29 17:23:05 WARN  - No mapping for GET /actuator/logfile
2022-05-29 17:31:47 INFO  - Closing JPA EntityManagerFactory for persistence unit 'default'
2022-05-29 17:31:47 INFO  - HHH000477: Starting delayed evictData of schema as part of SessionFactory shut-down'
2022-05-29 17:31:47 INFO  - HikariPool-1 - Shutdown initiated...
2022-05-29 17:31:47 INFO  - HikariPool-1 - Shutdown completed.
2022-05-29 17:31:53 INFO  - Starting App on DESKTOP-VKJIKMP with PID 1232 (C:\Users\Migranov\Desktop\OTUS-MVC\classwork\spring-framework-27\target\classes started by Migranov in C:\Users\Migranov\Desktop\OTUS-MVC\classwork\spring-framework-27)
2022-05-29 17:31:53 INFO  - No active profile set, falling back to default profiles: default
2022-05-29 17:31:54 INFO  - Bootstrapping Spring Data repositories in DEFAULT mode.
2022-05-29 17:31:54 INFO  - Finished Spring Data repository scanning in 55ms. Found 1 repository interfaces.
2022-05-29 17:31:55 INFO  - Bean 'org.springframework.transaction.annotation.ProxyTransactionManagementConfiguration' of type [org.springframework.transaction.annotation.ProxyTransactionManagementConfiguration$$EnhancerBySpringCGLIB$$11fd660d] is not eligible for getting processed by all BeanPostProcessors (for example: not eligible for auto-proxying)
2022-05-29 17:31:55 INFO  - Bean 'org.springframework.hateoas.config.HateoasConfiguration' of type [org.springframework.hateoas.config.HateoasConfiguration$$EnhancerBySpringCGLIB$$917db33f] is not eligible for getting processed by all BeanPostProcessors (for example: not eligible for auto-proxying)
2022-05-29 17:31:55 INFO  - Tomcat initialized with port(s): 8080 (http)
2022-05-29 17:31:55 INFO  - Starting service [Tomcat]
2022-05-29 17:31:55 INFO  - Starting Servlet engine: [Apache Tomcat/9.0.17]
2022-05-29 17:31:55 INFO  - Initializing Spring embedded WebApplicationContext
2022-05-29 17:31:55 INFO  - Root WebApplicationContext: initialization completed in 2155 ms
2022-05-29 17:31:56 INFO  - HikariPool-1 - Starting...
2022-05-29 17:31:57 INFO  - HikariPool-1 - Start completed.
2022-05-29 17:31:57 INFO  - HHH000204: Processing PersistenceUnitInfo [
	name: default
	...]
2022-05-29 17:31:57 INFO  - HHH000412: Hibernate Core {5.3.9.Final}
2022-05-29 17:31:57 INFO  - HHH000206: hibernate.properties not found
2022-05-29 17:31:57 INFO  - HCANN000001: Hibernate Commons Annotations {5.0.4.Final}
2022-05-29 17:31:57 INFO  - HHH000400: Using dialect: org.hibernate.dialect.H2Dialect
2022-05-29 17:31:58 INFO  - HHH000476: Executing import script 'org.hibernate.tool.schema.internal.exec.ScriptSourceInputNonExistentImpl@e1fd2bf'
2022-05-29 17:31:58 INFO  - Initialized JPA EntityManagerFactory for persistence unit 'default'
2022-05-29 17:31:59 WARN  - spring.jpa.open-in-view is enabled by default. Therefore, database queries may be performed during view rendering. Explicitly configure spring.jpa.open-in-view to disable this warning
2022-05-29 17:32:00 INFO  - Exposing 3 endpoint(s) beneath base path '/actuator'
2022-05-29 17:32:00 INFO  - Tomcat started on port(s): 8080 (http) with context path ''
2022-05-29 17:32:00 INFO  - Started App in 7.541 seconds (JVM running for 8.649)
2022-05-29 17:32:01 INFO  - Initializing Spring DispatcherServlet 'dispatcherServlet'
2022-05-29 17:32:01 INFO  - Initializing Servlet 'dispatcherServlet'
2022-05-29 17:32:01 INFO  - Completed initialization in 20 ms
2022-05-29 17:33:00 INFO  - Closing JPA EntityManagerFactory for persistence unit 'default'
2022-05-29 17:33:00 INFO  - HHH000477: Starting delayed evictData of schema as part of SessionFactory shut-down'
2022-05-29 17:33:00 INFO  - HikariPool-1 - Shutdown initiated...
2022-05-29 17:33:00 INFO  - HikariPool-1 - Shutdown completed.
